{
  "RSpec": {
    "coverage": {
      "/Users/jeremyfox/Ruby/TechTests/clothing-website/lib/database_table.rb": [
        1,
        null,
        1,
        1,
        null,
        1,
        2,
        null,
        null,
        1,
        1,
        null,
        null,
        1,
        null,
        1,
        3,
        null,
        null,
        null
      ],
      "/Users/jeremyfox/Ruby/TechTests/clothing-website/lib/formatter.rb": [
        1,
        null,
        1,
        2,
        null,
        null,
        null
      ],
      "/Users/jeremyfox/Ruby/TechTests/clothing-website/lib/object_loader.rb": [
        1,
        1,
        null,
        1,
        null,
        1,
        null,
        1,
        1,
        null,
        null,
        1,
        1,
        null,
        null,
        1,
        null,
        1,
        4,
        null,
        null,
        1,
        2,
        null,
        null,
        1,
        2,
        null,
        null,
        1,
        2,
        null,
        null,
        1,
        null,
        1,
        null,
        null,
        null,
        1,
        null,
        1,
        null,
        null,
        null,
        null,
        null,
        null,
        null,
        1,
        null,
        1,
        null,
        null,
        null,
        null,
        null,
        null,
        null,
        null,
        null
      ],
      "/Users/jeremyfox/Ruby/TechTests/clothing-website/lib/product.rb": [
        1,
        null,
        1,
        null,
        1,
        null,
        1,
        1,
        null,
        1,
        12,
        12,
        12,
        12,
        12,
        null,
        null,
        1,
        2,
        null,
        null,
        1,
        1,
        null,
        null,
        1,
        1,
        null,
        null,
        1,
        1,
        null,
        null,
        1,
        1,
        null,
        null,
        1,
        null,
        1,
        4,
        4,
        null,
        null,
        null
      ],
      "/Users/jeremyfox/Ruby/TechTests/clothing-website/lib/voucher.rb": [
        1,
        null,
        1,
        null,
        1,
        null,
        1,
        null,
        1,
        9,
        9,
        9,
        9,
        null,
        null,
        1,
        9,
        null,
        null,
        1,
        2,
        1,
        null,
        null,
        1,
        0,
        null,
        null,
        1,
        null,
        1,
        1,
        null,
        null,
        null
      ],
      "/Users/jeremyfox/Ruby/TechTests/clothing-website/lib/shopping_cart.rb": [
        1,
        null,
        1,
        null,
        1,
        null,
        1,
        1,
        null,
        1,
        9,
        9,
        null,
        null,
        1,
        8,
        null,
        null,
        1,
        3,
        2,
        null,
        null,
        1,
        2,
        null,
        null,
        1,
        1,
        null,
        null,
        1,
        0,
        null,
        null,
        1,
        0,
        null,
        null,
        1,
        null,
        1,
        14,
        null,
        null,
        1,
        2,
        null,
        null,
        1,
        6,
        null,
        null,
        1,
        2,
        2,
        null,
        null,
        1,
        2,
        null,
        null,
        1,
        1,
        null,
        null,
        1,
        1,
        null,
        null,
        1,
        1,
        null,
        null,
        1,
        11,
        null,
        null,
        1,
        11,
        null,
        null,
        null
      ]
    },
    "timestamp": 1412003394
  }
}
